📹 Loading video catalog from MULTIPLE sources...
✅ Loaded 687 videos from Langfeed
✅ Loaded 138 videos from public/videos/reels/
🎬 TOTAL: 825 videos loaded
🎯 Spanish Frequency Database loaded - 10K+ words organized by CEFR bands
🎯 Spanish Frequency System loaded - TOP 20 words with viral contexts!
🔥 Spanish Gossip Feed loaded - 8 celebrity drama items ready!
🎯 Spanish Frequency Database loaded - 10K+ words organized by CEFR bands
🔥 Smart Feed System initialized with frequency targeting
🧠 Personalized SRS Feed System initialized
node:internal/modules/cjs/loader:1404
  throw err;
  ^

Error: Cannot find module './genius-adaptive-system'
Require stack:
- /Users/mindful/_projects/workspace3/lib/adaptive-learning-engine.js
- /Users/mindful/_projects/workspace3/server.js
    at Function._resolveFilename (node:internal/modules/cjs/loader:1401:15)
    at defaultResolveImpl (node:internal/modules/cjs/loader:1057:19)
    at resolveForCJSWithHooks (node:internal/modules/cjs/loader:1062:22)
    at Function._load (node:internal/modules/cjs/loader:1211:37)
    at TracingChannel.traceSync (node:diagnostics_channel:322:14)
    at wrapModuleLoad (node:internal/modules/cjs/loader:235:24)
    at Module.require (node:internal/modules/cjs/loader:1487:12)
    at require (node:internal/modules/helpers:135:16)
    at Object.<anonymous> (/Users/mindful/_projects/workspace3/lib/adaptive-learning-engine.js:4:24)
    at Module._compile (node:internal/modules/cjs/loader:1730:14) {
  code: 'MODULE_NOT_FOUND',
  requireStack: [
    '/Users/mindful/_projects/workspace3/lib/adaptive-learning-engine.js',
    '/Users/mindful/_projects/workspace3/server.js'
  ]
}

Node.js v22.17.1
