🎬 COMPREHENSIVE VIDEO RE-ENCODING
================================================

This will re-encode ALL videos with browser-compatible settings:
  - H.264 Baseline profile (maximum compatibility)
  - Level 3.0 (mobile-friendly)
  - AAC audio (128kbps)
  - Faststart flag (streaming-optimized)
  - YUV420P pixel format

📊 Found 141 videos to re-encode
⏱️  Estimated time: ~4 hours (282 minutes)

Auto-confirming for autonomous execution...

Starting re-encoding...

📦 Creating backup...
✅ Backup created: public/videos/reels-original-backup-20251017-025207 (84 files)

[1/141 - 0%] Re-encoding: Andheld_camera_footage_202509112217_yzrzq.mp4
  ⏱️  Elapsed: 0m | Remaining: ~calculating...m
  ✅ Success (3 MB → 2 MB)

[2/141 - 1%] Re-encoding: Back_to_what_202509101756_fhb2f.mp4
  ⏱️  Elapsed: 0m | Remaining: ~2m
  ✅ Success (0 MB → 0 MB)

[3/141 - 2%] Re-encoding: Back_to_what_202509101758_ab6bz.mp4
  ⏱️  Elapsed: 0m | Remaining: ~2m
  ✅ Success (1 MB → 1 MB)

[4/141 - 2%] Re-encoding: Breaking_news_report_202509130021_xb6vv.mp4
  ⏱️  Elapsed: 0m | Remaining: ~2m
  ✅ Success (1 MB → 1 MB)

[5/141 - 3%] Re-encoding: Create_a_viral_202509090401 (1).mp4
  ⏱️  Elapsed: 0m | Remaining: ~2m
  ✅ Success (3 MB → 3 MB)

[6/141 - 4%] Re-encoding: Create_a_viral_202509090401 (3).mp4
  ⏱️  Elapsed: 0m | Remaining: ~2m
  ✅ Success (6 MB → 6 MB)

[7/141 - 4%] Re-encoding: Dramatic_countdown_to_202509122350_rn7f4.mp4
  ⏱️  Elapsed: 0m | Remaining: ~2m
  ✅ Success (1 MB → 1 MB)

[8/141 - 5%] Re-encoding: Elderly_grandmother_secretly_202509110222_3d6.mp4
  ⏱️  Elapsed: 0m | Remaining: ~2m
  ✅ Success (2 MB → 2 MB)

[9/141 - 6%] Re-encoding: Ence_documentary_style_202509112201_qhskw.mp4
  ⏱️  Elapsed: 0m | Remaining: ~2m
  ✅ Success (2 MB → 2 MB)

[10/141 - 7%] Re-encoding: Epic_dramatic_tension_202509122323_gcy2e.mp4
  ⏱️  Elapsed: 0m | Remaining: ~2m
  ✅ Success (1 MB → 1 MB)

[11/141 - 7%] Re-encoding: Epic_dramatic_tension_202509122323_l31cc.mp4
  ⏱️  Elapsed: 0m | Remaining: ~2m
  ✅ Success (1 MB → 1 MB)

[12/141 - 8%] Re-encoding: Episode_126_handheld_202509112156_d6lgl.mp4
  ⏱️  Elapsed: 0m | Remaining: ~2m
  ✅ Success (2 MB → 2 MB)

[13/141 - 9%] Re-encoding: Existential_object_genius_202509101754_6ozz9.mp4
  ⏱️  Elapsed: 0m | Remaining: ~2m
  ✅ Success (2 MB → 1 MB)

[14/141 - 9%] Re-encoding: Extreme_opposites_language_202509101709_w4bzd.mp4
  ⏱️  Elapsed: 0m | Remaining: ~2m
  ✅ Success (2 MB → 2 MB)

[15/141 - 10%] Re-encoding: Fashion_announcer_describing_202509110020_cm8.mp4
  ⏱️  Elapsed: 0m | Remaining: ~2m
  ✅ Success (2 MB → 2 MB)

[16/141 - 11%] Re-encoding: Genius_punchline_talking_202509101625_5r9vp.mp4
  ⏱️  Elapsed: 0m | Remaining: ~2m
  ✅ Success (1 MB → 1 MB)

[17/141 - 12%] Re-encoding: Genius_punchline_talking_202509101625_6gjk5.mp4
  ⏱️  Elapsed: 0m | Remaining: ~2m
  ✅ Success (0 MB → 0 MB)

[18/141 - 12%] Re-encoding: Greek_tragedy_theater_202509122342_vipv1.mp4
  ⏱️  Elapsed: 0m | Remaining: ~2m
  ✅ Success (1 MB → 1 MB)

[19/141 - 13%] Re-encoding: Hilarious_character_spanish_202509121151_0ki.mp4
  ⏱️  Elapsed: 0m | Remaining: ~2m
  ✅ Success (3 MB → 3 MB)

[20/141 - 14%] Re-encoding: Ive_handheld_beach_202509112107_w9v9c.mp4
  ⏱️  Elapsed: 0m | Remaining: ~2m
  ✅ Success (2 MB → 2 MB)

[21/141 - 14%] Re-encoding: Langai_cartoon_earth_202509121926_mw522.mp4
  ⏱️  Elapsed: 0m | Remaining: ~2m
  ✅ Success (1 MB → 1 MB)

[22/141 - 15%] Re-encoding: Langai_cartoon_earth_202509121956_qz8nw.mp4
  ⏱️  Elapsed: 0m | Remaining: ~1m
  ✅ Success (1 MB → 1 MB)

[23/141 - 16%] Re-encoding: Langai_earth_globe_202509120621_nxmy5.mp4
  ⏱️  Elapsed: 0m | Remaining: ~1m
  ✅ Success (2 MB → 2 MB)

[24/141 - 17%] Re-encoding: Langai_wise_globe_202509122009_fty61.mp4
  ⏱️  Elapsed: 0m | Remaining: ~1m
  ✅ Success (1 MB → 1 MB)

[25/141 - 17%] Re-encoding: Magic_show_magician_202509130018_q2gma.mp4
  ⏱️  Elapsed: 0m | Remaining: ~1m
  ✅ Success (2 MB → 2 MB)

[26/141 - 18%] Re-encoding: Meditation_instructor_slowly_202509122351_ha6.mp4
  ⏱️  Elapsed: 0m | Remaining: ~1m
  ✅ Success (1 MB → 1 MB)

[27/141 - 19%] Re-encoding: Microscopic_character_says_202509130109_9kj19.mp4
  ⏱️  Elapsed: 0m | Remaining: ~1m
  ✅ Success (2 MB → 2 MB)

[28/141 - 19%] Re-encoding: Mime_acts_out_202509122351_io2s8.mp4
  ⏱️  Elapsed: 0m | Remaining: ~1m
  ✅ Success (1 MB → 1 MB)

[29/141 - 20%] Re-encoding: Mime_acts_out_202509122353_whfwr.mp4
  ⏱️  Elapsed: 0m | Remaining: ~1m
  ✅ Success (2 MB → 2 MB)

[30/141 - 21%] Re-encoding: Perfect_timing_comedy_202509122149_w86qo.mp4
  ⏱️  Elapsed: 0m | Remaining: ~1m
  ✅ Success (2 MB → 2 MB)

[31/141 - 21%] Re-encoding: Person_brushing_teeth_202509130015_broku.mp4
  ⏱️  Elapsed: 0m | Remaining: ~1m
  ✅ Success (2 MB → 2 MB)

[32/141 - 22%] Re-encoding: Person_calmly_says_202509130042_hrmfv.mp4
  ⏱️  Elapsed: 0m | Remaining: ~1m
  ✅ Success (1 MB → 1 MB)

[33/141 - 23%] Re-encoding: Person_dramatically_prepares_202509130055_vc1.mp4
  ⏱️  Elapsed: 0m | Remaining: ~1m
  ✅ Success (1 MB → 1 MB)

[34/141 - 24%] Re-encoding: Person_says_me_202509130103_au4cr.mp4
  ⏱️  Elapsed: 0m | Remaining: ~1m
  ✅ Success (2 MB → 2 MB)

[35/141 - 24%] Re-encoding: Person_says_necesito_202509130115_ly6g0.mp4
  ⏱️  Elapsed: 0m | Remaining: ~1m
  ✅ Success (3 MB → 3 MB)

[36/141 - 25%] Re-encoding: Person_says_necesito_202509130115_xouyd.mp4
  ⏱️  Elapsed: 0m | Remaining: ~1m
  ✅ Success (2 MB → 2 MB)

[37/141 - 26%] Re-encoding: Person_says_tengo_202509130053_7iwnv.mp4
  ⏱️  Elapsed: 0m | Remaining: ~1m
  ✅ Success (1 MB → 1 MB)

[38/141 - 26%] Re-encoding: Person_says_tengo_202509130103_8qon7.mp4
  ⏱️  Elapsed: 0m | Remaining: ~1m
  ✅ Success (2 MB → 2 MB)

[39/141 - 27%] Re-encoding: Person_says_tengo_202509130113_e68cu.mp4
  ⏱️  Elapsed: 0m | Remaining: ~1m
  ✅ Success (1 MB → 1 MB)

[40/141 - 28%] Re-encoding: Person_says_tengo_202509130114_w08k9.mp4
  ⏱️  Elapsed: 0m | Remaining: ~1m
  ✅ Success (1 MB → 1 MB)

[41/141 - 29%] Re-encoding: Person_says_tengo_202509130121_cdz81.mp4
  ⏱️  Elapsed: 0m | Remaining: ~1m
  ✅ Success (2 MB → 1 MB)

[42/141 - 29%] Re-encoding: Person_trying_to_202509101652_vvx5z.mp4
  ⏱️  Elapsed: 0m | Remaining: ~1m
  ✅ Success (1 MB → 1 MB)

[43/141 - 30%] Re-encoding: Serious_dramatic_buildup_202509122247_8dd2r.mp4
  ⏱️  Elapsed: 0m | Remaining: ~1m
  ✅ Success (1 MB → 1 MB)

[44/141 - 31%] Re-encoding: Serious_dramatic_buildup_202509122342_ltiam.mp4
  ⏱️  Elapsed: 0m | Remaining: ~1m
  ✅ Success (2 MB → 2 MB)

[45/141 - 31%] Re-encoding: Serious_dramatic_buildup_202509122358_fw60h.mp4
  ⏱️  Elapsed: 0m | Remaining: ~1m
  ✅ Success (2 MB → 2 MB)

[46/141 - 32%] Re-encoding: Serious_dramatic_buildup_202509130030_gtw1z.mp4
  ⏱️  Elapsed: 0m | Remaining: ~1m
  ✅ Success (1 MB → 1 MB)

[47/141 - 33%] Re-encoding: Slapstick_comedy_cul_202509122356_aawfx.mp4
  ⏱️  Elapsed: 1m | Remaining: ~1m
  ✅ Success (3 MB → 3 MB)

[48/141 - 34%] Re-encoding: Slapstick_comedy_es_202509122344_bikhw.mp4
  ⏱️  Elapsed: 1m | Remaining: ~1m
  ✅ Success (2 MB → 2 MB)

[49/141 - 34%] Re-encoding: Sofia_beautiful_spanish_202509122009_tlcio.mp4
  ⏱️  Elapsed: 1m | Remaining: ~1m
  ✅ Success (1 MB → 1 MB)

[50/141 - 35%] Re-encoding: Sofia_stunning_25yearold_202509122108_qgi9.mp4
  ⏱️  Elapsed: 1m | Remaining: ~1m
  ✅ Success (4 MB → 4 MB)

[51/141 - 36%] Re-encoding: Someone_trying_to_202509101637_vrqtj.mp4
  ⏱️  Elapsed: 1m | Remaining: ~1m
  ✅ Success (1 MB → 1 MB)

[52/141 - 36%] Re-encoding: Spanish_comedy_character_202509122150_z56pw.mp4
  ⏱️  Elapsed: 1m | Remaining: ~1m
  ✅ Success (3 MB → 2 MB)

[53/141 - 37%] Re-encoding: Spanish_comedy_using_202509122211_1aqqr.mp4
  ⏱️  Elapsed: 1m | Remaining: ~1m
  ✅ Success (3 MB → 2 MB)

[54/141 - 38%] Re-encoding: Spanish_conversation_naturally_202509122327_o.mp4
  ⏱️  Elapsed: 1m | Remaining: ~1m
  ✅ Success (2 MB → 2 MB)

[55/141 - 39%] Re-encoding: Viral_langai_reel_202509120232_28vf5.mp4
  ⏱️  Elapsed: 1m | Remaining: ~1m
  ✅ Success (1 MB → 1 MB)

[56/141 - 39%] Re-encoding: Viral_tiktok_spanish_202509120217_7q4kp.mp4
  ⏱️  Elapsed: 1m | Remaining: ~1m
  ✅ Success (2 MB → 2 MB)

[57/141 - 40%] Re-encoding: Visual_comedy_35yearold_202509122152_294ev.mp4
  ⏱️  Elapsed: 1m | Remaining: ~1m
  ✅ Success (2 MB → 2 MB)

[58/141 - 41%] Re-encoding: test-browser-compat.mp4
  ⏱️  Elapsed: 1m | Remaining: ~1m
  ✅ Success (2 MB → 2 MB)

[59/141 - 41%] Re-encoding: test-fixed.mp4
  ⏱️  Elapsed: 1m | Remaining: ~1m
  ✅ Success (3 MB → 2 MB)

[60/141 - 42%] Re-encoding: test-reencoded.mp4
  ⏱️  Elapsed: 1m | Remaining: ~1m
  ✅ Success (2 MB → 2 MB)

==================================================
🎉 RE-ENCODING COMPLETE!

Results:
  ✅ Succeeded: 60
  ❌ Failed: 0
  ⏱️  Total time: 1 minutes

Backup:
  📦 public/videos/reels-original-backup-20251017-025207

Next steps:
  1. Test videos: open http://localhost:3001/tiktok-video-feed.html
  2. Run test: node test-video-detailed.js
  3. If working: delete backup folder to save space
  4. If broken: restore from public/videos/reels-original-backup-20251017-025207

Log file: video-reencoding-20251017-025207.log
==================================================
