🎬 COMPREHENSIVE VIDEO RE-ENCODING
================================================

This will re-encode ALL videos with browser-compatible settings:
  - H.264 Baseline profile (maximum compatibility)
  - Level 3.0 (mobile-friendly)
  - AAC audio (128kbps)
  - Faststart flag (streaming-optimized)
  - YUV420P pixel format

📊 Found 141 videos to re-encode
⏱️  Estimated time: ~4 hours (282 minutes)

Auto-confirming for autonomous execution...

Starting re-encoding...

📦 Creating backup...
✅ Backup created: public/videos/reels-original-backup-20251017-025544 (84 files)

[1/141 - 0%] Re-encoding: Slapstick_comedy_cul_202509122356_aawfx.mp4
  ⏱️  Elapsed: 0m | Remaining: ~calculating...m
  ✅ Success (3 MB → 3 MB)

[2/141 - 1%] Re-encoding: Andheld_camera_footage_202509112217_yzrzq.mp4
  ⏱️  Elapsed: 0m | Remaining: ~2m
  ❌ Failed to re-encode

[3/141 - 2%] Re-encoding: Mime_acts_out_202509122353_whfwr.mp4
  ⏱️  Elapsed: 0m | Remaining: ~2m
  ✅ Success (2 MB → 2 MB)

[4/141 - 2%] Re-encoding: Person_says_tengo_202509130121_cdz81.mp4
  ⏱️  Elapsed: 0m | Remaining: ~2m
  ❌ Failed to re-encode

[5/141 - 3%] Re-encoding: Slapstick_comedy_es_202509122344_bikhw.mp4
  ⏱️  Elapsed: 0m | Remaining: ~0m
  ✅ Success (2 MB → 2 MB)

[6/141 - 4%] Re-encoding: Person_says_tengo_202509130114_w08k9.mp4
  ⏱️  Elapsed: 0m | Remaining: ~2m
  ❌ Failed to re-encode

[7/141 - 4%] Re-encoding: Spanish_comedy_character_202509122150_z56pw.mp4
  ⏱️  Elapsed: 0m | Remaining: ~0m
  ✅ Success (2 MB → 2 MB)

[8/141 - 5%] Re-encoding: Microscopic_character_says_202509130109_9kj19.mp4
  ⏱️  Elapsed: 0m | Remaining: ~0m
  ❌ Failed to re-encode

[9/141 - 6%] Re-encoding: Person_calmly_says_202509130042_hrmfv.mp4
  ⏱️  Elapsed: 0m | Remaining: ~0m
  ✅ Success (1 MB → 1 MB)

[10/141 - 7%] Re-encoding: Person_says_me_202509130103_au4cr.mp4
  ⏱️  Elapsed: 0m | Remaining: ~0m
  ❌ Failed to re-encode

[11/141 - 7%] Re-encoding: Person_dramatically_prepares_202509130055_vc1.mp4
  ⏱️  Elapsed: 0m | Remaining: ~0m
  ✅ Success (1 MB → 1 MB)

[12/141 - 8%] Re-encoding: Spanish_comedy_using_202509122211_1aqqr.mp4
  ⏱️  Elapsed: 0m | Remaining: ~0m
  ❌ Failed to re-encode

[13/141 - 9%] Re-encoding: Serious_dramatic_buildup_202509122358_fw60h.mp4
  ⏱️  Elapsed: 0m | Remaining: ~0m
  ✅ Success (2 MB → 2 MB)

[14/141 - 9%] Re-encoding: Langai_wise_globe_202509122009_fty61.mp4
  ⏱️  Elapsed: 0m | Remaining: ~0m
  ❌ Failed to re-encode

[15/141 - 10%] Re-encoding: Person_brushing_teeth_202509130015_broku.mp4
  ⏱️  Elapsed: 0m | Remaining: ~0m
  ✅ Success (2 MB → 2 MB)

[16/141 - 11%] Re-encoding: Perfect_timing_comedy_202509122149_w86qo.mp4
  ⏱️  Elapsed: 0m | Remaining: ~0m
  ❌ Failed to re-encode

[17/141 - 12%] Re-encoding: Epic_dramatic_tension_202509122323_gcy2e.mp4
  ⏱️  Elapsed: 0m | Remaining: ~0m
  ✅ Success (1 MB → 1 MB)

[18/141 - 12%] Re-encoding: Create_a_viral_202509090401 (3).mp4
  ⏱️  Elapsed: 0m | Remaining: ~0m
  ❌ Failed to re-encode

[19/141 - 13%] Re-encoding: Genius_punchline_talking_202509101625_5r9vp.mp4
  ⏱️  Elapsed: 0m | Remaining: ~0m
  ✅ Success (1 MB → 1 MB)

[20/141 - 14%] Re-encoding: Sofia_stunning_25yearold_202509122108_qgi9.mp4
  ⏱️  Elapsed: 0m | Remaining: ~0m
  ❌ Failed to re-encode

[21/141 - 14%] Re-encoding: Langai_earth_globe_202509120621_nxmy5.mp4
  ⏱️  Elapsed: 0m | Remaining: ~0m
  ✅ Success (2 MB → 2 MB)

[22/141 - 15%] Re-encoding: Greek_tragedy_theater_202509122342_vipv1.mp4
  ⏱️  Elapsed: 0m | Remaining: ~0m
  ❌ Failed to re-encode

[23/141 - 16%] Re-encoding: Serious_dramatic_buildup_202509122342_ltiam.mp4
  ⏱️  Elapsed: 0m | Remaining: ~0m
  ✅ Success (2 MB → 2 MB)

[24/141 - 17%] Re-encoding: Visual_comedy_35yearold_202509122152_294ev.mp4
  ⏱️  Elapsed: 0m | Remaining: ~0m
  ❌ Failed to re-encode

[25/141 - 17%] Re-encoding: Hilarious_character_spanish_202509121151_0ki.mp4
  ⏱️  Elapsed: 0m | Remaining: ~0m
  ✅ Success (3 MB → 3 MB)

[26/141 - 18%] Re-encoding: Serious_dramatic_buildup_202509122247_8dd2r.mp4
  ⏱️  Elapsed: 0m | Remaining: ~0m
  ❌ Failed to re-encode

[27/141 - 19%] Re-encoding: Epic_dramatic_tension_202509122323_l31cc.mp4
  ⏱️  Elapsed: 0m | Remaining: ~0m
  ✅ Success (1 MB → 1 MB)

[28/141 - 19%] Re-encoding: Breaking_news_report_202509130021_xb6vv.mp4
  ⏱️  Elapsed: 0m | Remaining: ~0m
  ❌ Failed to re-encode

[29/141 - 20%] Re-encoding: Create_a_viral_202509090401 (1).mp4
  ⏱️  Elapsed: 0m | Remaining: ~0m
  ✅ Success (3 MB → 3 MB)

[30/141 - 21%] Re-encoding: Serious_dramatic_buildup_202509130030_gtw1z.mp4
  ⏱️  Elapsed: 0m | Remaining: ~0m
  ❌ Failed to re-encode

[31/141 - 21%] Re-encoding: Meditation_instructor_slowly_202509122351_ha6.mp4
  ⏱️  Elapsed: 0m | Remaining: ~0m
  ✅ Success (1 MB → 1 MB)

[32/141 - 22%] Re-encoding: Viral_langai_reel_202509120232_28vf5.mp4
  ⏱️  Elapsed: 0m | Remaining: ~0m
  ❌ Failed to re-encode

[33/141 - 23%] Re-encoding: test-fixed.mp4
  ⏱️  Elapsed: 0m | Remaining: ~0m
  ✅ Success (2 MB → 2 MB)

[34/141 - 24%] Re-encoding: Episode_126_handheld_202509112156_d6lgl.mp4
  ⏱️  Elapsed: 0m | Remaining: ~0m
  ❌ Failed to re-encode

[35/141 - 24%] Re-encoding: test-reencoded.mp4
  ⏱️  Elapsed: 0m | Remaining: ~0m
  ✅ Success (2 MB → 2 MB)

[36/141 - 25%] Re-encoding: Person_says_necesito_202509130115_xouyd.mp4
  ⏱️  Elapsed: 0m | Remaining: ~0m
  ❌ Failed to re-encode

[37/141 - 26%] Re-encoding: Slapstick_comedy_cul_202509122356_aawfx.mp4
  ⏱️  Elapsed: 0m | Remaining: ~0m
  ✅ Success (4 MB → 4 MB)

[38/141 - 26%] Re-encoding: Andheld_camera_footage_202509112217_yzrzq.mp4
  ⏱️  Elapsed: 0m | Remaining: ~0m
  ❌ Failed to re-encode

[39/141 - 27%] Re-encoding: Create_a_viral_202509090401.mp4
  ⏱️  Elapsed: 0m | Remaining: ~0m
